<?xml version="1.0" encoding="UTF-8"?>
<!-- Generated by org.testng.reporters.JUnitReportReporter -->
<testsuite hostname="Preeti" failures="0" tests="1" name="com.automation.runners.LoginRunner" time="5.264" errors="0" timestamp="2023-06-20T08:14:02 PDT" skipped="0">
  <testcase classname="com.automation.runners.LoginRunner" name="runScenario" time="5.264"/>
  <system-out/>
</testsuite> <!-- com.automation.runners.LoginRunner -->
